[ 2018-11-26T08:27:54+08:00 ] 127.0.0.1 /
INFO: [ app_init ] --START--
INFO: Run Behavior\BuildLiteBehavior [ RunTime:0.000012s ]
INFO: [ app_init ] --END-- [ RunTime:0.032342s ]
INFO: [ app_begin ] --START--
INFO: Run Behavior\ReadHtmlCacheBehavior [ RunTime:0.015626s ]
INFO: [ app_begin ] --END-- [ RunTime:0.015676s ]
SQL: SHOW COLUMNS FROM `ngr_config` [ RunTime:0.0247s ]
SQL: SELECT * FROM `ngr_config` WHERE ( 1=1 ) LIMIT 1   [ RunTime:0.0547s ]

[ 2018-11-26T08:28:14+08:00 ] 127.0.0.1 /home/detail/index/ccid/C0002
INFO: [ app_init ] --START--
INFO: Run Behavior\BuildLiteBehavior [ RunTime:0.000010s ]
INFO: [ app_init ] --END-- [ RunTime:0.000317s ]
INFO: [ app_begin ] --START--
INFO: Run Behavior\ReadHtmlCacheBehavior [ RunTime:0.000410s ]
INFO: [ app_begin ] --END-- [ RunTime:0.000455s ]
SQL: SHOW COLUMNS FROM `ngr_config` [ RunTime:0.0245s ]
SQL: SELECT * FROM `ngr_config` WHERE ( 1=1 ) LIMIT 1   [ RunTime:0.0236s ]
INFO: [ view_parse ] --START--
INFO: [ template_filter ] --START--
INFO: Run Behavior\ContentReplaceBehavior [ RunTime:0.000047s ]
INFO: [ template_filter ] --END-- [ RunTime:0.000087s ]
INFO: Run Behavior\ParseTemplateBehavior [ RunTime:0.091331s ]
INFO: [ view_parse ] --END-- [ RunTime:0.091394s ]
INFO: [ view_filter ] --START--
INFO: Run Behavior\WriteHtmlCacheBehavior [ RunTime:0.000538s ]
INFO: [ view_filter ] --END-- [ RunTime:0.000570s ]
INFO: [ app_end ] --START--
INFO: Run Behavior\ShowPageTraceBehavior [ RunTime:0.001225s ]
INFO: [ app_end ] --END-- [ RunTime:0.006007s ]

[ 2018-11-26T08:28:14+08:00 ] 127.0.0.1 /home/detail/detail
INFO: [ app_init ] --START--
INFO: Run Behavior\BuildLiteBehavior [ RunTime:0.000011s ]
INFO: [ app_init ] --END-- [ RunTime:0.000374s ]
INFO: [ app_begin ] --START--
INFO: Run Behavior\ReadHtmlCacheBehavior [ RunTime:0.000767s ]
INFO: [ app_begin ] --END-- [ RunTime:0.000829s ]
SQL: SHOW COLUMNS FROM `ngr_config` [ RunTime:0.0242s ]
SQL: SELECT * FROM `ngr_config` WHERE ( 1=1 ) LIMIT 1   [ RunTime:0.0238s ]
SQL: SHOW COLUMNS FROM `ngr_article` [ RunTime:0.0243s ]
SQL: SELECT `ccid`,`cname`,`duty`,`stime`,`etime`,`duration`,`sort`,`content` FROM `ngr_article` WHERE ( ccid = "C0002" )  [ RunTime:0.0249s ]

[ 2018-11-26T08:28:19+08:00 ] 127.0.0.1 /home/index/index
INFO: [ app_init ] --START--
INFO: Run Behavior\BuildLiteBehavior [ RunTime:0.000014s ]
INFO: [ app_init ] --END-- [ RunTime:0.000360s ]
INFO: [ app_begin ] --START--
INFO: Run Behavior\ReadHtmlCacheBehavior [ RunTime:0.000732s ]
INFO: [ app_begin ] --END-- [ RunTime:0.000798s ]
SQL: SHOW COLUMNS FROM `ngr_config` [ RunTime:0.0253s ]
SQL: SELECT * FROM `ngr_config` WHERE ( 1=1 ) LIMIT 1   [ RunTime:0.0243s ]
SQL: SELECT * FROM `ngr_config` WHERE ( 1=1 ) LIMIT 1   [ RunTime:0.0244s ]
SQL: SHOW COLUMNS FROM `ngr_user` [ RunTime:0.0246s ]
SQL: SELECT * FROM `ngr_user` WHERE ( uuid = "U0001" ) LIMIT 1   [ RunTime:0.0254s ]
SQL: SHOW COLUMNS FROM `ngr_article` [ RunTime:0.0250s ]
SQL: SELECT `ccid`,`cname`,`duty`,`stime`,`etime`,`duration` FROM `ngr_article` WHERE ( 1=1 ) ORDER BY sort ASC  [ RunTime:0.0245s ]
INFO: [ view_parse ] --START--
INFO: [ template_filter ] --START--
INFO: Run Behavior\ContentReplaceBehavior [ RunTime:0.000045s ]
INFO: [ template_filter ] --END-- [ RunTime:0.000078s ]
INFO: Run Behavior\ParseTemplateBehavior [ RunTime:0.062002s ]
INFO: [ view_parse ] --END-- [ RunTime:0.062061s ]
INFO: [ view_filter ] --START--
INFO: Run Behavior\WriteHtmlCacheBehavior [ RunTime:0.000451s ]
INFO: [ view_filter ] --END-- [ RunTime:0.000479s ]
INFO: [ app_end ] --START--
INFO: Run Behavior\ShowPageTraceBehavior [ RunTime:0.000715s ]
INFO: [ app_end ] --END-- [ RunTime:0.000746s ]

[ 2018-11-26T08:28:37+08:00 ] 127.0.0.1 /home/detail/index/ccid/957dd7ab6e1ef2621e9eb0058f14391f
INFO: [ app_init ] --START--
INFO: Run Behavior\BuildLiteBehavior [ RunTime:0.000008s ]
INFO: [ app_init ] --END-- [ RunTime:0.000245s ]
INFO: [ app_begin ] --START--
INFO: Run Behavior\ReadHtmlCacheBehavior [ RunTime:0.000299s ]
INFO: [ app_begin ] --END-- [ RunTime:0.000332s ]
SQL: SHOW COLUMNS FROM `ngr_config` [ RunTime:0.0271s ]
SQL: SELECT * FROM `ngr_config` WHERE ( 1=1 ) LIMIT 1   [ RunTime:0.0266s ]
INFO: [ view_parse ] --START--
INFO: [ template_filter ] --START--
INFO: Run Behavior\ContentReplaceBehavior [ RunTime:0.000048s ]
INFO: [ template_filter ] --END-- [ RunTime:0.000090s ]
INFO: Run Behavior\ParseTemplateBehavior [ RunTime:0.008525s ]
INFO: [ view_parse ] --END-- [ RunTime:0.008598s ]
INFO: [ view_filter ] --START--
INFO: Run Behavior\WriteHtmlCacheBehavior [ RunTime:0.000447s ]
INFO: [ view_filter ] --END-- [ RunTime:0.000477s ]
INFO: [ app_end ] --START--
INFO: Run Behavior\ShowPageTraceBehavior [ RunTime:0.000582s ]
INFO: [ app_end ] --END-- [ RunTime:0.000620s ]

[ 2018-11-26T08:28:37+08:00 ] 127.0.0.1 /home/detail/detail
INFO: [ app_init ] --START--
INFO: Run Behavior\BuildLiteBehavior [ RunTime:0.000012s ]
INFO: [ app_init ] --END-- [ RunTime:0.000327s ]
INFO: [ app_begin ] --START--
INFO: Run Behavior\ReadHtmlCacheBehavior [ RunTime:0.000388s ]
INFO: [ app_begin ] --END-- [ RunTime:0.000446s ]
SQL: SHOW COLUMNS FROM `ngr_config` [ RunTime:0.0316s ]
SQL: SELECT * FROM `ngr_config` WHERE ( 1=1 ) LIMIT 1   [ RunTime:0.0281s ]
SQL: SHOW COLUMNS FROM `ngr_article` [ RunTime:0.0290s ]
SQL: SELECT `ccid`,`cname`,`duty`,`stime`,`etime`,`duration`,`sort`,`content` FROM `ngr_article` WHERE ( ccid = "957dd7ab6e1ef2621e9eb0058f14391f" )  [ RunTime:0.0296s ]

[ 2018-11-26T08:28:41+08:00 ] 127.0.0.1 /home/detail/index/ccid/69c9b6003626db26473c6341d0726ccf
INFO: [ app_init ] --START--
INFO: Run Behavior\BuildLiteBehavior [ RunTime:0.000011s ]
INFO: [ app_init ] --END-- [ RunTime:0.000365s ]
INFO: [ app_begin ] --START--
INFO: Run Behavior\ReadHtmlCacheBehavior [ RunTime:0.000371s ]
INFO: [ app_begin ] --END-- [ RunTime:0.000418s ]
SQL: SHOW COLUMNS FROM `ngr_config` [ RunTime:0.0253s ]
SQL: SELECT * FROM `ngr_config` WHERE ( 1=1 ) LIMIT 1   [ RunTime:0.0227s ]
INFO: [ view_parse ] --START--
INFO: [ template_filter ] --START--
INFO: Run Behavior\ContentReplaceBehavior [ RunTime:0.000062s ]
INFO: [ template_filter ] --END-- [ RunTime:0.000118s ]
INFO: Run Behavior\ParseTemplateBehavior [ RunTime:0.008749s ]
INFO: [ view_parse ] --END-- [ RunTime:0.008848s ]
INFO: [ view_filter ] --START--
INFO: Run Behavior\WriteHtmlCacheBehavior [ RunTime:0.000534s ]
INFO: [ view_filter ] --END-- [ RunTime:0.000572s ]
INFO: [ app_end ] --START--
INFO: Run Behavior\ShowPageTraceBehavior [ RunTime:0.000953s ]
INFO: [ app_end ] --END-- [ RunTime:0.001162s ]

[ 2018-11-26T08:28:42+08:00 ] 127.0.0.1 /home/detail/detail
INFO: [ app_init ] --START--
INFO: Run Behavior\BuildLiteBehavior [ RunTime:0.000013s ]
INFO: [ app_init ] --END-- [ RunTime:0.000344s ]
INFO: [ app_begin ] --START--
INFO: Run Behavior\ReadHtmlCacheBehavior [ RunTime:0.000389s ]
INFO: [ app_begin ] --END-- [ RunTime:0.000446s ]
SQL: SHOW COLUMNS FROM `ngr_config` [ RunTime:0.0251s ]
SQL: SELECT * FROM `ngr_config` WHERE ( 1=1 ) LIMIT 1   [ RunTime:0.0274s ]
SQL: SHOW COLUMNS FROM `ngr_article` [ RunTime:0.0252s ]
SQL: SELECT `ccid`,`cname`,`duty`,`stime`,`etime`,`duration`,`sort`,`content` FROM `ngr_article` WHERE ( ccid = "69c9b6003626db26473c6341d0726ccf" )  [ RunTime:0.0257s ]

[ 2018-11-26T08:38:49+08:00 ] 127.0.0.1 /home/detail/index/ccid/C0002
INFO: [ app_init ] --START--
INFO: Run Behavior\BuildLiteBehavior [ RunTime:0.000009s ]
INFO: [ app_init ] --END-- [ RunTime:0.000261s ]
INFO: [ app_begin ] --START--
INFO: Run Behavior\ReadHtmlCacheBehavior [ RunTime:0.000316s ]
INFO: [ app_begin ] --END-- [ RunTime:0.000353s ]
SQL: SHOW COLUMNS FROM `ngr_config` [ RunTime:0.0255s ]
SQL: SELECT * FROM `ngr_config` WHERE ( 1=1 ) LIMIT 1   [ RunTime:0.0251s ]
INFO: [ view_parse ] --START--
INFO: [ template_filter ] --START--
INFO: Run Behavior\ContentReplaceBehavior [ RunTime:0.000073s ]
INFO: [ template_filter ] --END-- [ RunTime:0.000134s ]
INFO: Run Behavior\ParseTemplateBehavior [ RunTime:0.014857s ]
INFO: [ view_parse ] --END-- [ RunTime:0.014961s ]
INFO: [ view_filter ] --START--
INFO: Run Behavior\WriteHtmlCacheBehavior [ RunTime:0.000842s ]
INFO: [ view_filter ] --END-- [ RunTime:0.000902s ]
INFO: [ app_end ] --START--
INFO: Run Behavior\ShowPageTraceBehavior [ RunTime:0.001109s ]
INFO: [ app_end ] --END-- [ RunTime:0.001177s ]

[ 2018-11-26T08:38:49+08:00 ] 127.0.0.1 /home/detail/detail
INFO: [ app_init ] --START--
INFO: Run Behavior\BuildLiteBehavior [ RunTime:0.000011s ]
INFO: [ app_init ] --END-- [ RunTime:0.000327s ]
INFO: [ app_begin ] --START--
INFO: Run Behavior\ReadHtmlCacheBehavior [ RunTime:0.000543s ]
INFO: [ app_begin ] --END-- [ RunTime:0.000597s ]
SQL: SHOW COLUMNS FROM `ngr_config` [ RunTime:0.0270s ]
SQL: SELECT * FROM `ngr_config` WHERE ( 1=1 ) LIMIT 1   [ RunTime:0.0264s ]
SQL: SHOW COLUMNS FROM `ngr_article` [ RunTime:0.0267s ]
SQL: SELECT `ccid`,`cname`,`duty`,`stime`,`etime`,`duration`,`sort`,`content` FROM `ngr_article` WHERE ( ccid = "C0002" )  [ RunTime:0.0266s ]

[ 2018-11-26T08:39:28+08:00 ] 127.0.0.1 /home/index/index
INFO: [ app_init ] --START--
INFO: Run Behavior\BuildLiteBehavior [ RunTime:0.000010s ]
INFO: [ app_init ] --END-- [ RunTime:0.000271s ]
INFO: [ app_begin ] --START--
INFO: Run Behavior\ReadHtmlCacheBehavior [ RunTime:0.000312s ]
INFO: [ app_begin ] --END-- [ RunTime:0.000351s ]
SQL: SHOW COLUMNS FROM `ngr_config` [ RunTime:0.0254s ]
SQL: SELECT * FROM `ngr_config` WHERE ( 1=1 ) LIMIT 1   [ RunTime:0.0248s ]
SQL: SELECT * FROM `ngr_config` WHERE ( 1=1 ) LIMIT 1   [ RunTime:0.0250s ]
SQL: SHOW COLUMNS FROM `ngr_user` [ RunTime:0.0264s ]
SQL: SELECT * FROM `ngr_user` WHERE ( uuid = "U0001" ) LIMIT 1   [ RunTime:0.0267s ]
SQL: SHOW COLUMNS FROM `ngr_article` [ RunTime:0.0262s ]
SQL: SELECT `ccid`,`cname`,`duty`,`stime`,`etime`,`duration` FROM `ngr_article` WHERE ( 1=1 ) ORDER BY sort ASC  [ RunTime:0.0258s ]
INFO: [ view_parse ] --START--
INFO: [ template_filter ] --START--
INFO: Run Behavior\ContentReplaceBehavior [ RunTime:0.000209s ]
INFO: [ template_filter ] --END-- [ RunTime:0.000347s ]
INFO: Run Behavior\ParseTemplateBehavior [ RunTime:0.042281s ]
INFO: [ view_parse ] --END-- [ RunTime:0.042418s ]
INFO: [ view_filter ] --START--
INFO: Run Behavior\WriteHtmlCacheBehavior [ RunTime:0.001102s ]
INFO: [ view_filter ] --END-- [ RunTime:0.001185s ]
INFO: [ app_end ] --START--
INFO: Run Behavior\ShowPageTraceBehavior [ RunTime:0.002636s ]
INFO: [ app_end ] --END-- [ RunTime:0.002850s ]

[ 2018-11-26T08:39:30+08:00 ] 127.0.0.1 /home/detail/index/ccid/C0002
INFO: [ app_init ] --START--
INFO: Run Behavior\BuildLiteBehavior [ RunTime:0.000009s ]
INFO: [ app_init ] --END-- [ RunTime:0.000380s ]
INFO: [ app_begin ] --START--
INFO: Run Behavior\ReadHtmlCacheBehavior [ RunTime:0.000495s ]
INFO: [ app_begin ] --END-- [ RunTime:0.000531s ]
SQL: SHOW COLUMNS FROM `ngr_config` [ RunTime:0.0241s ]
SQL: SELECT * FROM `ngr_config` WHERE ( 1=1 ) LIMIT 1   [ RunTime:0.0236s ]
INFO: [ view_parse ] --START--
INFO: [ template_filter ] --START--
INFO: Run Behavior\ContentReplaceBehavior [ RunTime:0.000060s ]
INFO: [ template_filter ] --END-- [ RunTime:0.000113s ]
INFO: Run Behavior\ParseTemplateBehavior [ RunTime:0.011742s ]
INFO: [ view_parse ] --END-- [ RunTime:0.011846s ]
INFO: [ view_filter ] --START--
INFO: Run Behavior\WriteHtmlCacheBehavior [ RunTime:0.000601s ]
INFO: [ view_filter ] --END-- [ RunTime:0.000641s ]
INFO: [ app_end ] --START--
INFO: Run Behavior\ShowPageTraceBehavior [ RunTime:0.000849s ]
INFO: [ app_end ] --END-- [ RunTime:0.000905s ]

[ 2018-11-26T08:39:30+08:00 ] 127.0.0.1 /home/detail/detail
INFO: [ app_init ] --START--
INFO: Run Behavior\BuildLiteBehavior [ RunTime:0.000011s ]
INFO: [ app_init ] --END-- [ RunTime:0.000313s ]
INFO: [ app_begin ] --START--
INFO: Run Behavior\ReadHtmlCacheBehavior [ RunTime:0.000442s ]
INFO: [ app_begin ] --END-- [ RunTime:0.000499s ]
SQL: SHOW COLUMNS FROM `ngr_config` [ RunTime:0.0240s ]
SQL: SELECT * FROM `ngr_config` WHERE ( 1=1 ) LIMIT 1   [ RunTime:0.0233s ]
SQL: SHOW COLUMNS FROM `ngr_article` [ RunTime:0.0243s ]
SQL: SELECT `ccid`,`cname`,`duty`,`stime`,`etime`,`duration`,`sort`,`content` FROM `ngr_article` WHERE ( ccid = "C0002" )  [ RunTime:0.0244s ]

[ 2018-11-26T09:25:52+08:00 ] 127.0.0.1 /home/index/index
INFO: [ app_init ] --START--
INFO: Run Behavior\BuildLiteBehavior [ RunTime:0.000023s ]
INFO: [ app_init ] --END-- [ RunTime:0.000291s ]
INFO: [ app_begin ] --START--
INFO: Run Behavior\ReadHtmlCacheBehavior [ RunTime:0.000380s ]
INFO: [ app_begin ] --END-- [ RunTime:0.000430s ]
SQL: SHOW COLUMNS FROM `ngr_config` [ RunTime:0.0247s ]
SQL: SELECT * FROM `ngr_config` WHERE ( 1=1 ) LIMIT 1   [ RunTime:0.0240s ]
SQL: SELECT * FROM `ngr_config` WHERE ( 1=1 ) LIMIT 1   [ RunTime:0.0244s ]
SQL: SHOW COLUMNS FROM `ngr_user` [ RunTime:0.0252s ]
SQL: SELECT * FROM `ngr_user` WHERE ( uuid = "U0001" ) LIMIT 1   [ RunTime:0.0255s ]
SQL: SHOW COLUMNS FROM `ngr_article` [ RunTime:0.0250s ]
SQL: SELECT `ccid`,`cname`,`duty`,`stime`,`etime`,`duration` FROM `ngr_article` WHERE ( 1=1 ) ORDER BY sort ASC  [ RunTime:0.0246s ]
INFO: [ view_parse ] --START--
INFO: [ template_filter ] --START--
INFO: Run Behavior\ContentReplaceBehavior [ RunTime:0.000045s ]
INFO: [ template_filter ] --END-- [ RunTime:0.000080s ]
INFO: Run Behavior\ParseTemplateBehavior [ RunTime:0.047365s ]
INFO: [ view_parse ] --END-- [ RunTime:0.047410s ]
INFO: [ view_filter ] --START--
INFO: Run Behavior\WriteHtmlCacheBehavior [ RunTime:0.000428s ]
INFO: [ view_filter ] --END-- [ RunTime:0.000455s ]
INFO: [ app_end ] --START--
INFO: Run Behavior\ShowPageTraceBehavior [ RunTime:0.000555s ]
INFO: [ app_end ] --END-- [ RunTime:0.000587s ]

[ 2018-11-26T09:26:02+08:00 ] 127.0.0.1 /home/index/index
INFO: [ app_init ] --START--
INFO: Run Behavior\BuildLiteBehavior [ RunTime:0.000009s ]
INFO: [ app_init ] --END-- [ RunTime:0.000381s ]
INFO: [ app_begin ] --START--
INFO: Run Behavior\ReadHtmlCacheBehavior [ RunTime:0.000496s ]
INFO: [ app_begin ] --END-- [ RunTime:0.000535s ]
SQL: SHOW COLUMNS FROM `ngr_config` [ RunTime:0.0246s ]
SQL: SELECT * FROM `ngr_config` WHERE ( 1=1 ) LIMIT 1   [ RunTime:0.0237s ]
SQL: SELECT * FROM `ngr_config` WHERE ( 1=1 ) LIMIT 1   [ RunTime:0.0239s ]
SQL: SHOW COLUMNS FROM `ngr_user` [ RunTime:0.0253s ]
SQL: SELECT * FROM `ngr_user` WHERE ( uuid = "U0001" ) LIMIT 1   [ RunTime:0.0249s ]
SQL: SHOW COLUMNS FROM `ngr_article` [ RunTime:0.0244s ]
SQL: SELECT `ccid`,`cname`,`duty`,`stime`,`etime`,`duration` FROM `ngr_article` WHERE ( 1=1 ) ORDER BY sort ASC  [ RunTime:0.0239s ]
INFO: [ view_parse ] --START--
INFO: [ template_filter ] --START--
INFO: Run Behavior\ContentReplaceBehavior [ RunTime:0.000049s ]
INFO: [ template_filter ] --END-- [ RunTime:0.000082s ]
INFO: Run Behavior\ParseTemplateBehavior [ RunTime:0.009775s ]
INFO: [ view_parse ] --END-- [ RunTime:0.009836s ]
INFO: [ view_filter ] --START--
INFO: Run Behavior\WriteHtmlCacheBehavior [ RunTime:0.000400s ]
INFO: [ view_filter ] --END-- [ RunTime:0.000426s ]
INFO: [ app_end ] --START--
INFO: Run Behavior\ShowPageTraceBehavior [ RunTime:0.000723s ]
INFO: [ app_end ] --END-- [ RunTime:0.000766s ]

[ 2018-11-26T13:10:47+08:00 ] 127.0.0.1 /
INFO: [ app_init ] --START--
INFO: Run Behavior\BuildLiteBehavior [ RunTime:0.000025s ]
INFO: [ app_init ] --END-- [ RunTime:0.002005s ]
INFO: [ app_begin ] --START--
INFO: Run Behavior\ReadHtmlCacheBehavior [ RunTime:0.001037s ]
INFO: [ app_begin ] --END-- [ RunTime:0.001088s ]
SQL: SHOW COLUMNS FROM `ngr_config` [ RunTime:0.0248s ]
SQL: SELECT * FROM `ngr_config` WHERE ( 1=1 ) LIMIT 1   [ RunTime:0.0226s ]
SQL: SELECT * FROM `ngr_config` WHERE ( 1=1 ) LIMIT 1   [ RunTime:0.0244s ]
SQL: SHOW COLUMNS FROM `ngr_user` [ RunTime:0.0253s ]
SQL: SELECT * FROM `ngr_user` WHERE ( uuid = "U0001" ) LIMIT 1   [ RunTime:0.0246s ]
SQL: SHOW COLUMNS FROM `ngr_article` [ RunTime:0.0249s ]
SQL: SELECT `ccid`,`cname`,`duty`,`stime`,`etime`,`duration` FROM `ngr_article` WHERE ( 1=1 ) ORDER BY sort ASC  [ RunTime:0.0245s ]
INFO: [ view_parse ] --START--
INFO: [ template_filter ] --START--
INFO: Run Behavior\ContentReplaceBehavior [ RunTime:0.000121s ]
INFO: [ template_filter ] --END-- [ RunTime:0.000157s ]
INFO: Run Behavior\ParseTemplateBehavior [ RunTime:0.086871s ]
INFO: [ view_parse ] --END-- [ RunTime:0.086917s ]
INFO: [ view_filter ] --START--
INFO: Run Behavior\WriteHtmlCacheBehavior [ RunTime:0.001255s ]
INFO: [ view_filter ] --END-- [ RunTime:0.001283s ]
INFO: [ app_end ] --START--
INFO: Run Behavior\ShowPageTraceBehavior [ RunTime:0.000933s ]
INFO: [ app_end ] --END-- [ RunTime:0.000971s ]

[ 2018-11-26T13:14:29+08:00 ] 127.0.0.1 /home/index/index
INFO: [ app_init ] --START--
INFO: Run Behavior\BuildLiteBehavior [ RunTime:0.000008s ]
INFO: [ app_init ] --END-- [ RunTime:0.000271s ]
INFO: [ app_begin ] --START--
INFO: Run Behavior\ReadHtmlCacheBehavior [ RunTime:0.000293s ]
INFO: [ app_begin ] --END-- [ RunTime:0.000326s ]
SQL: SHOW COLUMNS FROM `ngr_config` [ RunTime:0.0260s ]
SQL: SELECT * FROM `ngr_config` WHERE ( 1=1 ) LIMIT 1   [ RunTime:0.0249s ]
SQL: SELECT * FROM `ngr_config` WHERE ( 1=1 ) LIMIT 1   [ RunTime:0.0248s ]
SQL: SHOW COLUMNS FROM `ngr_user` [ RunTime:0.0251s ]
SQL: SELECT * FROM `ngr_user` WHERE ( uuid = "U0001" ) LIMIT 1   [ RunTime:0.0265s ]
SQL: SHOW COLUMNS FROM `ngr_article` [ RunTime:0.0257s ]
SQL: SELECT `ccid`,`cname`,`duty`,`stime`,`etime`,`duration` FROM `ngr_article` WHERE ( 1=1 ) ORDER BY sort ASC  [ RunTime:0.0251s ]
INFO: [ view_parse ] --START--
INFO: [ template_filter ] --START--
INFO: Run Behavior\ContentReplaceBehavior [ RunTime:0.000049s ]
INFO: [ template_filter ] --END-- [ RunTime:0.000084s ]
INFO: Run Behavior\ParseTemplateBehavior [ RunTime:0.019711s ]
INFO: [ view_parse ] --END-- [ RunTime:0.019758s ]
INFO: [ view_filter ] --START--
INFO: Run Behavior\WriteHtmlCacheBehavior [ RunTime:0.000401s ]
INFO: [ view_filter ] --END-- [ RunTime:0.000426s ]
INFO: [ app_end ] --START--
INFO: Run Behavior\ShowPageTraceBehavior [ RunTime:0.001124s ]
INFO: [ app_end ] --END-- [ RunTime:0.001161s ]

[ 2018-11-26T13:30:37+08:00 ] 127.0.0.1 /home/detail/index/ccid/1c8693957d51cd9f11729a2fd4180702
INFO: [ app_init ] --START--
INFO: Run Behavior\BuildLiteBehavior [ RunTime:0.000012s ]
INFO: [ app_init ] --END-- [ RunTime:0.000566s ]
INFO: [ app_begin ] --START--
INFO: Run Behavior\ReadHtmlCacheBehavior [ RunTime:0.000413s ]
INFO: [ app_begin ] --END-- [ RunTime:0.000469s ]
SQL: SHOW COLUMNS FROM `ngr_config` [ RunTime:0.0260s ]
SQL: SELECT * FROM `ngr_config` WHERE ( 1=1 ) LIMIT 1   [ RunTime:0.0302s ]
INFO: [ view_parse ] --START--
INFO: [ template_filter ] --START--
INFO: Run Behavior\ContentReplaceBehavior [ RunTime:0.000072s ]
INFO: [ template_filter ] --END-- [ RunTime:0.000110s ]
INFO: Run Behavior\ParseTemplateBehavior [ RunTime:0.046663s ]
INFO: [ view_parse ] --END-- [ RunTime:0.046716s ]
INFO: [ view_filter ] --START--
INFO: Run Behavior\WriteHtmlCacheBehavior [ RunTime:0.000430s ]
INFO: [ view_filter ] --END-- [ RunTime:0.000456s ]
INFO: [ app_end ] --START--
INFO: Run Behavior\ShowPageTraceBehavior [ RunTime:0.000585s ]
INFO: [ app_end ] --END-- [ RunTime:0.000629s ]

[ 2018-11-26T13:30:38+08:00 ] 127.0.0.1 /home/detail/detail
INFO: [ app_init ] --START--
INFO: Run Behavior\BuildLiteBehavior [ RunTime:0.000010s ]
INFO: [ app_init ] --END-- [ RunTime:0.000273s ]
INFO: [ app_begin ] --START--
INFO: Run Behavior\ReadHtmlCacheBehavior [ RunTime:0.000330s ]
INFO: [ app_begin ] --END-- [ RunTime:0.000373s ]
SQL: SHOW COLUMNS FROM `ngr_config` [ RunTime:0.0263s ]
SQL: SELECT * FROM `ngr_config` WHERE ( 1=1 ) LIMIT 1   [ RunTime:0.0254s ]
SQL: SHOW COLUMNS FROM `ngr_article` [ RunTime:0.0258s ]
SQL: SELECT `ccid`,`cname`,`duty`,`stime`,`etime`,`duration`,`sort`,`content` FROM `ngr_article` WHERE ( ccid = "1c8693957d51cd9f11729a2fd4180702" )  [ RunTime:0.0288s ]

[ 2018-11-26T13:31:42+08:00 ] 127.0.0.1 /home/detail/index/ccid/1c8693957d51cd9f11729a2fd4180702
INFO: [ app_init ] --START--
INFO: Run Behavior\BuildLiteBehavior [ RunTime:0.000010s ]
INFO: [ app_init ] --END-- [ RunTime:0.000365s ]
INFO: [ app_begin ] --START--
INFO: Run Behavior\ReadHtmlCacheBehavior [ RunTime:0.000466s ]
INFO: [ app_begin ] --END-- [ RunTime:0.000533s ]
SQL: SHOW COLUMNS FROM `ngr_config` [ RunTime:0.0268s ]
SQL: SELECT * FROM `ngr_config` WHERE ( 1=1 ) LIMIT 1   [ RunTime:0.0277s ]
INFO: [ view_parse ] --START--
INFO: [ template_filter ] --START--
INFO: Run Behavior\ContentReplaceBehavior [ RunTime:0.000048s ]
INFO: [ template_filter ] --END-- [ RunTime:0.000087s ]
INFO: Run Behavior\ParseTemplateBehavior [ RunTime:0.008249s ]
INFO: [ view_parse ] --END-- [ RunTime:0.008306s ]
INFO: [ view_filter ] --START--
INFO: Run Behavior\WriteHtmlCacheBehavior [ RunTime:0.000389s ]
INFO: [ view_filter ] --END-- [ RunTime:0.000416s ]
INFO: [ app_end ] --START--
INFO: Run Behavior\ShowPageTraceBehavior [ RunTime:0.000614s ]
INFO: [ app_end ] --END-- [ RunTime:0.000643s ]

[ 2018-11-26T13:31:42+08:00 ] 127.0.0.1 /home/detail/detail
INFO: [ app_init ] --START--
INFO: Run Behavior\BuildLiteBehavior [ RunTime:0.000013s ]
INFO: [ app_init ] --END-- [ RunTime:0.000409s ]
INFO: [ app_begin ] --START--
INFO: Run Behavior\ReadHtmlCacheBehavior [ RunTime:0.000393s ]
INFO: [ app_begin ] --END-- [ RunTime:0.000445s ]
SQL: SHOW COLUMNS FROM `ngr_config` [ RunTime:0.0244s ]
SQL: SELECT * FROM `ngr_config` WHERE ( 1=1 ) LIMIT 1   [ RunTime:0.0239s ]
SQL: SHOW COLUMNS FROM `ngr_article` [ RunTime:0.0243s ]
SQL: SELECT `ccid`,`cname`,`duty`,`stime`,`etime`,`duration`,`sort`,`content` FROM `ngr_article` WHERE ( ccid = "1c8693957d51cd9f11729a2fd4180702" )  [ RunTime:0.0255s ]

[ 2018-11-26T14:16:26+08:00 ] 127.0.0.1 /home/detail/index/ccid/C0002
INFO: [ app_init ] --START--
INFO: Run Behavior\BuildLiteBehavior [ RunTime:0.000010s ]
INFO: [ app_init ] --END-- [ RunTime:0.000287s ]
INFO: [ app_begin ] --START--
INFO: Run Behavior\ReadHtmlCacheBehavior [ RunTime:0.000359s ]
INFO: [ app_begin ] --END-- [ RunTime:0.000420s ]
SQL: SHOW COLUMNS FROM `ngr_config` [ RunTime:0.0241s ]
SQL: SELECT * FROM `ngr_config` WHERE ( 1=1 ) LIMIT 1   [ RunTime:0.0233s ]
INFO: [ view_parse ] --START--
INFO: [ template_filter ] --START--
INFO: Run Behavior\ContentReplaceBehavior [ RunTime:0.000057s ]
INFO: [ template_filter ] --END-- [ RunTime:0.000106s ]
INFO: Run Behavior\ParseTemplateBehavior [ RunTime:0.043925s ]
INFO: [ view_parse ] --END-- [ RunTime:0.043990s ]
INFO: [ view_filter ] --START--
INFO: Run Behavior\WriteHtmlCacheBehavior [ RunTime:0.000467s ]
INFO: [ view_filter ] --END-- [ RunTime:0.000502s ]
INFO: [ app_end ] --START--
INFO: Run Behavior\ShowPageTraceBehavior [ RunTime:0.000597s ]
INFO: [ app_end ] --END-- [ RunTime:0.000637s ]

[ 2018-11-26T14:16:27+08:00 ] 127.0.0.1 /home/detail/detail
INFO: [ app_init ] --START--
INFO: Run Behavior\BuildLiteBehavior [ RunTime:0.000011s ]
INFO: [ app_init ] --END-- [ RunTime:0.000278s ]
INFO: [ app_begin ] --START--
INFO: Run Behavior\ReadHtmlCacheBehavior [ RunTime:0.000358s ]
INFO: [ app_begin ] --END-- [ RunTime:0.000406s ]
SQL: SHOW COLUMNS FROM `ngr_config` [ RunTime:0.0240s ]
SQL: SELECT * FROM `ngr_config` WHERE ( 1=1 ) LIMIT 1   [ RunTime:0.0239s ]
SQL: SHOW COLUMNS FROM `ngr_article` [ RunTime:0.0241s ]
SQL: SELECT `ccid`,`cname`,`duty`,`stime`,`etime`,`duration`,`sort`,`content`,`markdown` FROM `ngr_article` WHERE ( ccid = "C0002" )  [ RunTime:0.0235s ]

[ 2018-11-26T14:17:43+08:00 ] 127.0.0.1 /home/detail/index/ccid/1c8693957d51cd9f11729a2fd4180702
INFO: [ app_init ] --START--
INFO: Run Behavior\BuildLiteBehavior [ RunTime:0.000012s ]
INFO: [ app_init ] --END-- [ RunTime:0.000346s ]
INFO: [ app_begin ] --START--
INFO: Run Behavior\ReadHtmlCacheBehavior [ RunTime:0.000486s ]
INFO: [ app_begin ] --END-- [ RunTime:0.000544s ]
SQL: SHOW COLUMNS FROM `ngr_config` [ RunTime:0.0271s ]
SQL: SELECT * FROM `ngr_config` WHERE ( 1=1 ) LIMIT 1   [ RunTime:0.0264s ]
INFO: [ view_parse ] --START--
INFO: [ template_filter ] --START--
INFO: Run Behavior\ContentReplaceBehavior [ RunTime:0.000043s ]
INFO: [ template_filter ] --END-- [ RunTime:0.000078s ]
INFO: Run Behavior\ParseTemplateBehavior [ RunTime:0.007976s ]
INFO: [ view_parse ] --END-- [ RunTime:0.008057s ]
INFO: [ view_filter ] --START--
INFO: Run Behavior\WriteHtmlCacheBehavior [ RunTime:0.000341s ]
INFO: [ view_filter ] --END-- [ RunTime:0.000368s ]
INFO: [ app_end ] --START--
INFO: Run Behavior\ShowPageTraceBehavior [ RunTime:0.000665s ]
INFO: [ app_end ] --END-- [ RunTime:0.000711s ]

[ 2018-11-26T14:17:43+08:00 ] 127.0.0.1 /home/detail/detail
INFO: [ app_init ] --START--
INFO: Run Behavior\BuildLiteBehavior [ RunTime:0.000010s ]
INFO: [ app_init ] --END-- [ RunTime:0.000284s ]
INFO: [ app_begin ] --START--
INFO: Run Behavior\ReadHtmlCacheBehavior [ RunTime:0.000618s ]
INFO: [ app_begin ] --END-- [ RunTime:0.000684s ]
SQL: SHOW COLUMNS FROM `ngr_config` [ RunTime:0.0240s ]
SQL: SELECT * FROM `ngr_config` WHERE ( 1=1 ) LIMIT 1   [ RunTime:0.0237s ]
SQL: SHOW COLUMNS FROM `ngr_article` [ RunTime:0.0242s ]
SQL: SELECT `ccid`,`cname`,`duty`,`stime`,`etime`,`duration`,`sort`,`content`,`markdown` FROM `ngr_article` WHERE ( ccid = "1c8693957d51cd9f11729a2fd4180702" )  [ RunTime:0.0240s ]

[ 2018-11-26T14:19:49+08:00 ] 127.0.0.1 /home/index/index
INFO: [ app_init ] --START--
INFO: Run Behavior\BuildLiteBehavior [ RunTime:0.000012s ]
INFO: [ app_init ] --END-- [ RunTime:0.000314s ]
INFO: [ app_begin ] --START--
INFO: Run Behavior\ReadHtmlCacheBehavior [ RunTime:0.000350s ]
INFO: [ app_begin ] --END-- [ RunTime:0.000396s ]
SQL: SHOW COLUMNS FROM `ngr_config` [ RunTime:0.0252s ]
SQL: SELECT * FROM `ngr_config` WHERE ( 1=1 ) LIMIT 1   [ RunTime:0.0245s ]
SQL: SELECT * FROM `ngr_config` WHERE ( 1=1 ) LIMIT 1   [ RunTime:0.0240s ]
SQL: SHOW COLUMNS FROM `ngr_user` [ RunTime:0.0261s ]
SQL: SELECT * FROM `ngr_user` WHERE ( uuid = "U0001" ) LIMIT 1   [ RunTime:0.0304s ]
SQL: SHOW COLUMNS FROM `ngr_article` [ RunTime:0.0337s ]
SQL: SELECT `ccid`,`cname`,`duty`,`stime`,`etime`,`duration` FROM `ngr_article` WHERE ( 1=1 ) ORDER BY sort ASC  [ RunTime:0.0236s ]
INFO: [ view_parse ] --START--
INFO: [ template_filter ] --START--
INFO: Run Behavior\ContentReplaceBehavior [ RunTime:0.000213s ]
INFO: [ template_filter ] --END-- [ RunTime:0.000319s ]
INFO: Run Behavior\ParseTemplateBehavior [ RunTime:0.054895s ]
INFO: [ view_parse ] --END-- [ RunTime:0.054988s ]
INFO: [ view_filter ] --START--
INFO: Run Behavior\WriteHtmlCacheBehavior [ RunTime:0.000901s ]
INFO: [ view_filter ] --END-- [ RunTime:0.000962s ]
INFO: [ app_end ] --START--
INFO: Run Behavior\ShowPageTraceBehavior [ RunTime:0.002229s ]
INFO: [ app_end ] --END-- [ RunTime:0.002309s ]

[ 2018-11-26T14:19:52+08:00 ] 127.0.0.1 /home/detail/index/ccid/1c8693957d51cd9f11729a2fd4180702
INFO: [ app_init ] --START--
INFO: Run Behavior\BuildLiteBehavior [ RunTime:0.000010s ]
INFO: [ app_init ] --END-- [ RunTime:0.000331s ]
INFO: [ app_begin ] --START--
INFO: Run Behavior\ReadHtmlCacheBehavior [ RunTime:0.000517s ]
INFO: [ app_begin ] --END-- [ RunTime:0.000553s ]
SQL: SHOW COLUMNS FROM `ngr_config` [ RunTime:0.0251s ]
SQL: SELECT * FROM `ngr_config` WHERE ( 1=1 ) LIMIT 1   [ RunTime:0.0249s ]
INFO: [ view_parse ] --START--
INFO: [ template_filter ] --START--
INFO: Run Behavior\ContentReplaceBehavior [ RunTime:0.000106s ]
INFO: [ template_filter ] --END-- [ RunTime:0.000167s ]
INFO: Run Behavior\ParseTemplateBehavior [ RunTime:0.008668s ]
INFO: [ view_parse ] --END-- [ RunTime:0.008747s ]
INFO: [ view_filter ] --START--
INFO: Run Behavior\WriteHtmlCacheBehavior [ RunTime:0.000616s ]
INFO: [ view_filter ] --END-- [ RunTime:0.000655s ]
INFO: [ app_end ] --START--
INFO: Run Behavior\ShowPageTraceBehavior [ RunTime:0.000870s ]
INFO: [ app_end ] --END-- [ RunTime:0.000918s ]

[ 2018-11-26T14:19:52+08:00 ] 127.0.0.1 /home/detail/detail
INFO: [ app_init ] --START--
INFO: Run Behavior\BuildLiteBehavior [ RunTime:0.000011s ]
INFO: [ app_init ] --END-- [ RunTime:0.000281s ]
INFO: [ app_begin ] --START--
INFO: Run Behavior\ReadHtmlCacheBehavior [ RunTime:0.000343s ]
INFO: [ app_begin ] --END-- [ RunTime:0.000384s ]
SQL: SHOW COLUMNS FROM `ngr_config` [ RunTime:0.0253s ]
SQL: SELECT * FROM `ngr_config` WHERE ( 1=1 ) LIMIT 1   [ RunTime:0.0249s ]
SQL: SHOW COLUMNS FROM `ngr_article` [ RunTime:0.0252s ]
SQL: SELECT `ccid`,`cname`,`duty`,`stime`,`etime`,`duration`,`sort`,`content`,`markdown` FROM `ngr_article` WHERE ( ccid = "1c8693957d51cd9f11729a2fd4180702" )  [ RunTime:0.0259s ]

[ 2018-11-26T14:21:21+08:00 ] 127.0.0.1 /home/detail/index/ccid/1c8693957d51cd9f11729a2fd4180702
INFO: [ app_init ] --START--
INFO: Run Behavior\BuildLiteBehavior [ RunTime:0.000013s ]
INFO: [ app_init ] --END-- [ RunTime:0.000420s ]
INFO: [ app_begin ] --START--
INFO: Run Behavior\ReadHtmlCacheBehavior [ RunTime:0.000472s ]
INFO: [ app_begin ] --END-- [ RunTime:0.000524s ]
SQL: SHOW COLUMNS FROM `ngr_config` [ RunTime:0.0238s ]
SQL: SELECT * FROM `ngr_config` WHERE ( 1=1 ) LIMIT 1   [ RunTime:0.0235s ]
INFO: [ view_parse ] --START--
INFO: [ template_filter ] --START--
INFO: Run Behavior\ContentReplaceBehavior [ RunTime:0.000044s ]
INFO: [ template_filter ] --END-- [ RunTime:0.000079s ]
INFO: Run Behavior\ParseTemplateBehavior [ RunTime:0.008081s ]
INFO: [ view_parse ] --END-- [ RunTime:0.008163s ]
INFO: [ view_filter ] --START--
INFO: Run Behavior\WriteHtmlCacheBehavior [ RunTime:0.000385s ]
INFO: [ view_filter ] --END-- [ RunTime:0.000411s ]
INFO: [ app_end ] --START--
INFO: Run Behavior\ShowPageTraceBehavior [ RunTime:0.000667s ]
INFO: [ app_end ] --END-- [ RunTime:0.000715s ]

[ 2018-11-26T14:21:21+08:00 ] 127.0.0.1 /home/detail/detail
INFO: [ app_init ] --START--
INFO: Run Behavior\BuildLiteBehavior [ RunTime:0.000013s ]
INFO: [ app_init ] --END-- [ RunTime:0.000411s ]
INFO: [ app_begin ] --START--
INFO: Run Behavior\ReadHtmlCacheBehavior [ RunTime:0.000528s ]
INFO: [ app_begin ] --END-- [ RunTime:0.000581s ]
SQL: SHOW COLUMNS FROM `ngr_config` [ RunTime:0.0238s ]
SQL: SELECT * FROM `ngr_config` WHERE ( 1=1 ) LIMIT 1   [ RunTime:0.0233s ]
SQL: SHOW COLUMNS FROM `ngr_article` [ RunTime:0.0242s ]
SQL: SELECT `ccid`,`cname`,`duty`,`stime`,`etime`,`duration`,`sort`,`content`,`markdown` FROM `ngr_article` WHERE ( ccid = "1c8693957d51cd9f11729a2fd4180702" )  [ RunTime:0.0248s ]

[ 2018-11-26T14:21:26+08:00 ] 127.0.0.1 /home/detail/detail
INFO: [ app_init ] --START--
INFO: Run Behavior\BuildLiteBehavior [ RunTime:0.000009s ]
INFO: [ app_init ] --END-- [ RunTime:0.000328s ]
INFO: [ app_begin ] --START--
INFO: Run Behavior\ReadHtmlCacheBehavior [ RunTime:0.000356s ]
INFO: [ app_begin ] --END-- [ RunTime:0.000403s ]
SQL: SHOW COLUMNS FROM `ngr_config` [ RunTime:0.0257s ]
SQL: SELECT * FROM `ngr_config` WHERE ( 1=1 ) LIMIT 1   [ RunTime:0.0258s ]
SQL: SHOW COLUMNS FROM `ngr_article` [ RunTime:0.0267s ]
SQL: SELECT `ccid`,`cname`,`duty`,`stime`,`etime`,`duration`,`sort`,`content`,`markdown` FROM `ngr_article` WHERE ( ccid = "1c8693957d51cd9f11729a2fd4180702" )  [ RunTime:0.0272s ]

[ 2018-11-26T14:22:03+08:00 ] 127.0.0.1 /home/index/index
INFO: [ app_init ] --START--
INFO: Run Behavior\BuildLiteBehavior [ RunTime:0.000009s ]
INFO: [ app_init ] --END-- [ RunTime:0.000244s ]
INFO: [ app_begin ] --START--
INFO: Run Behavior\ReadHtmlCacheBehavior [ RunTime:0.000318s ]
INFO: [ app_begin ] --END-- [ RunTime:0.000375s ]
SQL: SHOW COLUMNS FROM `ngr_config` [ RunTime:0.0238s ]
SQL: SELECT * FROM `ngr_config` WHERE ( 1=1 ) LIMIT 1   [ RunTime:0.0233s ]
SQL: SELECT * FROM `ngr_config` WHERE ( 1=1 ) LIMIT 1   [ RunTime:0.0240s ]
SQL: SHOW COLUMNS FROM `ngr_user` [ RunTime:0.0245s ]
SQL: SELECT * FROM `ngr_user` WHERE ( uuid = "U0001" ) LIMIT 1   [ RunTime:0.0255s ]
SQL: SHOW COLUMNS FROM `ngr_article` [ RunTime:0.0245s ]
SQL: SELECT `ccid`,`cname`,`duty`,`stime`,`etime`,`duration` FROM `ngr_article` WHERE ( 1=1 ) ORDER BY sort ASC  [ RunTime:0.0241s ]
INFO: [ view_parse ] --START--
INFO: [ template_filter ] --START--
INFO: Run Behavior\ContentReplaceBehavior [ RunTime:0.000048s ]
INFO: [ template_filter ] --END-- [ RunTime:0.000081s ]
INFO: Run Behavior\ParseTemplateBehavior [ RunTime:0.010396s ]
INFO: [ view_parse ] --END-- [ RunTime:0.010438s ]
INFO: [ view_filter ] --START--
INFO: Run Behavior\WriteHtmlCacheBehavior [ RunTime:0.000391s ]
INFO: [ view_filter ] --END-- [ RunTime:0.000418s ]
INFO: [ app_end ] --START--
INFO: Run Behavior\ShowPageTraceBehavior [ RunTime:0.000740s ]
INFO: [ app_end ] --END-- [ RunTime:0.000801s ]

[ 2018-11-26T14:22:08+08:00 ] 127.0.0.1 /home/detail/index/ccid/C0003
INFO: [ app_init ] --START--
INFO: Run Behavior\BuildLiteBehavior [ RunTime:0.000009s ]
INFO: [ app_init ] --END-- [ RunTime:0.000310s ]
INFO: [ app_begin ] --START--
INFO: Run Behavior\ReadHtmlCacheBehavior [ RunTime:0.000499s ]
INFO: [ app_begin ] --END-- [ RunTime:0.000552s ]
SQL: SHOW COLUMNS FROM `ngr_config` [ RunTime:0.0322s ]
SQL: SELECT * FROM `ngr_config` WHERE ( 1=1 ) LIMIT 1   [ RunTime:0.0243s ]
INFO: [ view_parse ] --START--
INFO: [ template_filter ] --START--
INFO: Run Behavior\ContentReplaceBehavior [ RunTime:0.000053s ]
INFO: [ template_filter ] --END-- [ RunTime:0.000087s ]
INFO: Run Behavior\ParseTemplateBehavior [ RunTime:0.006887s ]
INFO: [ view_parse ] --END-- [ RunTime:0.006946s ]
INFO: [ view_filter ] --START--
INFO: Run Behavior\WriteHtmlCacheBehavior [ RunTime:0.000369s ]
INFO: [ view_filter ] --END-- [ RunTime:0.000395s ]
INFO: [ app_end ] --START--
INFO: Run Behavior\ShowPageTraceBehavior [ RunTime:0.000677s ]
INFO: [ app_end ] --END-- [ RunTime:0.000711s ]

[ 2018-11-26T14:22:09+08:00 ] 127.0.0.1 /home/detail/detail
INFO: [ app_init ] --START--
INFO: Run Behavior\BuildLiteBehavior [ RunTime:0.000012s ]
INFO: [ app_init ] --END-- [ RunTime:0.000292s ]
INFO: [ app_begin ] --START--
INFO: Run Behavior\ReadHtmlCacheBehavior [ RunTime:0.000356s ]
INFO: [ app_begin ] --END-- [ RunTime:0.000404s ]
SQL: SHOW COLUMNS FROM `ngr_config` [ RunTime:0.0291s ]
SQL: SELECT * FROM `ngr_config` WHERE ( 1=1 ) LIMIT 1   [ RunTime:0.0283s ]
SQL: SHOW COLUMNS FROM `ngr_article` [ RunTime:0.0271s ]
SQL: SELECT `ccid`,`cname`,`duty`,`stime`,`etime`,`duration`,`sort`,`content`,`markdown` FROM `ngr_article` WHERE ( ccid = "C0003" )  [ RunTime:0.0281s ]

[ 2018-11-26T14:22:12+08:00 ] 127.0.0.1 /home/index/index
INFO: [ app_init ] --START--
INFO: Run Behavior\BuildLiteBehavior [ RunTime:0.000031s ]
INFO: [ app_init ] --END-- [ RunTime:0.000278s ]
INFO: [ app_begin ] --START--
INFO: Run Behavior\ReadHtmlCacheBehavior [ RunTime:0.000316s ]
INFO: [ app_begin ] --END-- [ RunTime:0.000358s ]
SQL: SHOW COLUMNS FROM `ngr_config` [ RunTime:0.0260s ]
SQL: SELECT * FROM `ngr_config` WHERE ( 1=1 ) LIMIT 1   [ RunTime:0.0235s ]
SQL: SELECT * FROM `ngr_config` WHERE ( 1=1 ) LIMIT 1   [ RunTime:0.0251s ]
SQL: SHOW COLUMNS FROM `ngr_user` [ RunTime:0.0239s ]
SQL: SELECT * FROM `ngr_user` WHERE ( uuid = "U0001" ) LIMIT 1   [ RunTime:0.0246s ]
SQL: SHOW COLUMNS FROM `ngr_article` [ RunTime:0.0242s ]
SQL: SELECT `ccid`,`cname`,`duty`,`stime`,`etime`,`duration` FROM `ngr_article` WHERE ( 1=1 ) ORDER BY sort ASC  [ RunTime:0.0240s ]
INFO: [ view_parse ] --START--
INFO: [ template_filter ] --START--
INFO: Run Behavior\ContentReplaceBehavior [ RunTime:0.000051s ]
INFO: [ template_filter ] --END-- [ RunTime:0.000103s ]
INFO: Run Behavior\ParseTemplateBehavior [ RunTime:0.010364s ]
INFO: [ view_parse ] --END-- [ RunTime:0.010417s ]
INFO: [ view_filter ] --START--
INFO: Run Behavior\WriteHtmlCacheBehavior [ RunTime:0.000452s ]
INFO: [ view_filter ] --END-- [ RunTime:0.000482s ]
INFO: [ app_end ] --START--
INFO: Run Behavior\ShowPageTraceBehavior [ RunTime:0.000615s ]
INFO: [ app_end ] --END-- [ RunTime:0.000662s ]

[ 2018-11-26T14:22:14+08:00 ] 127.0.0.1 /home/detail/index/ccid/C0002
INFO: [ app_init ] --START--
INFO: Run Behavior\BuildLiteBehavior [ RunTime:0.000008s ]
INFO: [ app_init ] --END-- [ RunTime:0.000267s ]
INFO: [ app_begin ] --START--
INFO: Run Behavior\ReadHtmlCacheBehavior [ RunTime:0.000493s ]
INFO: [ app_begin ] --END-- [ RunTime:0.000559s ]
SQL: SHOW COLUMNS FROM `ngr_config` [ RunTime:0.0295s ]
SQL: SELECT * FROM `ngr_config` WHERE ( 1=1 ) LIMIT 1   [ RunTime:0.0320s ]
INFO: [ view_parse ] --START--
INFO: [ template_filter ] --START--
INFO: Run Behavior\ContentReplaceBehavior [ RunTime:0.000039s ]
INFO: [ template_filter ] --END-- [ RunTime:0.000071s ]
INFO: Run Behavior\ParseTemplateBehavior [ RunTime:0.007736s ]
INFO: [ view_parse ] --END-- [ RunTime:0.007792s ]
INFO: [ view_filter ] --START--
INFO: Run Behavior\WriteHtmlCacheBehavior [ RunTime:0.000420s ]
INFO: [ view_filter ] --END-- [ RunTime:0.000444s ]
INFO: [ app_end ] --START--
INFO: Run Behavior\ShowPageTraceBehavior [ RunTime:0.000686s ]
INFO: [ app_end ] --END-- [ RunTime:0.000795s ]

[ 2018-11-26T14:22:15+08:00 ] 127.0.0.1 /home/detail/detail
INFO: [ app_init ] --START--
INFO: Run Behavior\BuildLiteBehavior [ RunTime:0.000012s ]
INFO: [ app_init ] --END-- [ RunTime:0.000302s ]
INFO: [ app_begin ] --START--
INFO: Run Behavior\ReadHtmlCacheBehavior [ RunTime:0.000613s ]
INFO: [ app_begin ] --END-- [ RunTime:0.000665s ]
SQL: SHOW COLUMNS FROM `ngr_config` [ RunTime:0.0306s ]
SQL: SELECT * FROM `ngr_config` WHERE ( 1=1 ) LIMIT 1   [ RunTime:0.0275s ]
SQL: SHOW COLUMNS FROM `ngr_article` [ RunTime:0.0276s ]
SQL: SELECT `ccid`,`cname`,`duty`,`stime`,`etime`,`duration`,`sort`,`content`,`markdown` FROM `ngr_article` WHERE ( ccid = "C0002" )  [ RunTime:0.0323s ]

[ 2018-11-26T14:22:16+08:00 ] 127.0.0.1 /home/index/index
INFO: [ app_init ] --START--
INFO: Run Behavior\BuildLiteBehavior [ RunTime:0.000009s ]
INFO: [ app_init ] --END-- [ RunTime:0.000264s ]
INFO: [ app_begin ] --START--
INFO: Run Behavior\ReadHtmlCacheBehavior [ RunTime:0.000326s ]
INFO: [ app_begin ] --END-- [ RunTime:0.000366s ]
SQL: SHOW COLUMNS FROM `ngr_config` [ RunTime:0.0242s ]
SQL: SELECT * FROM `ngr_config` WHERE ( 1=1 ) LIMIT 1   [ RunTime:0.0221s ]
SQL: SELECT * FROM `ngr_config` WHERE ( 1=1 ) LIMIT 1   [ RunTime:0.0238s ]
SQL: SHOW COLUMNS FROM `ngr_user` [ RunTime:0.0249s ]
SQL: SELECT * FROM `ngr_user` WHERE ( uuid = "U0001" ) LIMIT 1   [ RunTime:0.0243s ]
SQL: SHOW COLUMNS FROM `ngr_article` [ RunTime:0.0245s ]
SQL: SELECT `ccid`,`cname`,`duty`,`stime`,`etime`,`duration` FROM `ngr_article` WHERE ( 1=1 ) ORDER BY sort ASC  [ RunTime:0.0240s ]
INFO: [ view_parse ] --START--
INFO: [ template_filter ] --START--
INFO: Run Behavior\ContentReplaceBehavior [ RunTime:0.000117s ]
INFO: [ template_filter ] --END-- [ RunTime:0.000197s ]
INFO: Run Behavior\ParseTemplateBehavior [ RunTime:0.037782s ]
INFO: [ view_parse ] --END-- [ RunTime:0.037855s ]
INFO: [ view_filter ] --START--
INFO: Run Behavior\WriteHtmlCacheBehavior [ RunTime:0.000542s ]
INFO: [ view_filter ] --END-- [ RunTime:0.000577s ]
INFO: [ app_end ] --START--
INFO: Run Behavior\ShowPageTraceBehavior [ RunTime:0.000714s ]
INFO: [ app_end ] --END-- [ RunTime:0.000757s ]

[ 2018-11-26T14:30:57+08:00 ] 127.0.0.1 /home/index/index
INFO: [ app_init ] --START--
INFO: Run Behavior\BuildLiteBehavior [ RunTime:0.000010s ]
INFO: [ app_init ] --END-- [ RunTime:0.000420s ]
INFO: [ app_begin ] --START--
INFO: Run Behavior\ReadHtmlCacheBehavior [ RunTime:0.000489s ]
INFO: [ app_begin ] --END-- [ RunTime:0.000526s ]
SQL: SHOW COLUMNS FROM `ngr_config` [ RunTime:0.0247s ]
SQL: SELECT * FROM `ngr_config` WHERE ( 1=1 ) LIMIT 1   [ RunTime:0.0252s ]
SQL: SELECT * FROM `ngr_config` WHERE ( 1=1 ) LIMIT 1   [ RunTime:0.0262s ]
SQL: SHOW COLUMNS FROM `ngr_user` [ RunTime:0.0268s ]
SQL: SELECT * FROM `ngr_user` WHERE ( uuid = "U0001" ) LIMIT 1   [ RunTime:0.0265s ]
SQL: SHOW COLUMNS FROM `ngr_article` [ RunTime:0.0237s ]
SQL: SELECT `ccid`,`cname`,`duty`,`stime`,`etime`,`duration` FROM `ngr_article` WHERE ( 1=1 ) ORDER BY sort ASC  [ RunTime:0.0242s ]
INFO: [ view_parse ] --START--
INFO: [ template_filter ] --START--
INFO: Run Behavior\ContentReplaceBehavior [ RunTime:0.000064s ]
INFO: [ template_filter ] --END-- [ RunTime:0.000110s ]
INFO: Run Behavior\ParseTemplateBehavior [ RunTime:0.044114s ]
INFO: [ view_parse ] --END-- [ RunTime:0.044189s ]
INFO: [ view_filter ] --START--
INFO: Run Behavior\WriteHtmlCacheBehavior [ RunTime:0.000558s ]
INFO: [ view_filter ] --END-- [ RunTime:0.000592s ]
INFO: [ app_end ] --START--
INFO: Run Behavior\ShowPageTraceBehavior [ RunTime:0.000710s ]
INFO: [ app_end ] --END-- [ RunTime:0.000751s ]

[ 2018-11-26T14:31:52+08:00 ] 127.0.0.1 /home/index/index
INFO: [ app_init ] --START--
INFO: Run Behavior\BuildLiteBehavior [ RunTime:0.000011s ]
INFO: [ app_init ] --END-- [ RunTime:0.000331s ]
INFO: [ app_begin ] --START--
INFO: Run Behavior\ReadHtmlCacheBehavior [ RunTime:0.000492s ]
INFO: [ app_begin ] --END-- [ RunTime:0.000530s ]
SQL: SHOW COLUMNS FROM `ngr_config` [ RunTime:0.0279s ]
SQL: SELECT * FROM `ngr_config` WHERE ( 1=1 ) LIMIT 1   [ RunTime:0.0256s ]
SQL: SELECT * FROM `ngr_config` WHERE ( 1=1 ) LIMIT 1   [ RunTime:0.0298s ]
SQL: SHOW COLUMNS FROM `ngr_user` [ RunTime:0.0297s ]
SQL: SELECT * FROM `ngr_user` WHERE ( uuid = "U0001" ) LIMIT 1   [ RunTime:0.0274s ]
SQL: SHOW COLUMNS FROM `ngr_article` [ RunTime:0.0291s ]
SQL: SELECT `ccid`,`cname`,`duty`,`stime`,`etime`,`duration` FROM `ngr_article` WHERE ( 1=1 ) ORDER BY sort ASC  [ RunTime:0.0260s ]
INFO: [ view_parse ] --START--
INFO: [ template_filter ] --START--
INFO: Run Behavior\ContentReplaceBehavior [ RunTime:0.000047s ]
INFO: [ template_filter ] --END-- [ RunTime:0.000077s ]
INFO: Run Behavior\ParseTemplateBehavior [ RunTime:0.008944s ]
INFO: [ view_parse ] --END-- [ RunTime:0.008982s ]
INFO: [ view_filter ] --START--
INFO: Run Behavior\WriteHtmlCacheBehavior [ RunTime:0.000598s ]
INFO: [ view_filter ] --END-- [ RunTime:0.000625s ]
INFO: [ app_end ] --START--
INFO: Run Behavior\ShowPageTraceBehavior [ RunTime:0.000802s ]
INFO: [ app_end ] --END-- [ RunTime:0.000842s ]

[ 2018-11-26T14:31:55+08:00 ] 127.0.0.1 /home/detail/index/ccid/1c8693957d51cd9f11729a2fd4180702
INFO: [ app_init ] --START--
INFO: Run Behavior\BuildLiteBehavior [ RunTime:0.000010s ]
INFO: [ app_init ] --END-- [ RunTime:0.000336s ]
INFO: [ app_begin ] --START--
INFO: Run Behavior\ReadHtmlCacheBehavior [ RunTime:0.000510s ]
INFO: [ app_begin ] --END-- [ RunTime:0.000552s ]
SQL: SHOW COLUMNS FROM `ngr_config` [ RunTime:0.0282s ]
SQL: SELECT * FROM `ngr_config` WHERE ( 1=1 ) LIMIT 1   [ RunTime:0.0262s ]
INFO: [ view_parse ] --START--
INFO: [ template_filter ] --START--
INFO: Run Behavior\ContentReplaceBehavior [ RunTime:0.000091s ]
INFO: [ template_filter ] --END-- [ RunTime:0.000166s ]
INFO: Run Behavior\ParseTemplateBehavior [ RunTime:0.033724s ]
INFO: [ view_parse ] --END-- [ RunTime:0.033846s ]
INFO: [ view_filter ] --START--
INFO: Run Behavior\WriteHtmlCacheBehavior [ RunTime:0.000923s ]
INFO: [ view_filter ] --END-- [ RunTime:0.000984s ]
INFO: [ app_end ] --START--
INFO: Run Behavior\ShowPageTraceBehavior [ RunTime:0.001307s ]
INFO: [ app_end ] --END-- [ RunTime:0.001377s ]

[ 2018-11-26T14:31:55+08:00 ] 127.0.0.1 /home/detail/detail
INFO: [ app_init ] --START--
INFO: Run Behavior\BuildLiteBehavior [ RunTime:0.000011s ]
INFO: [ app_init ] --END-- [ RunTime:0.000309s ]
INFO: [ app_begin ] --START--
INFO: Run Behavior\ReadHtmlCacheBehavior [ RunTime:0.000330s ]
INFO: [ app_begin ] --END-- [ RunTime:0.000371s ]
SQL: SHOW COLUMNS FROM `ngr_config` [ RunTime:0.0238s ]
SQL: SELECT * FROM `ngr_config` WHERE ( 1=1 ) LIMIT 1   [ RunTime:0.0237s ]
SQL: SHOW COLUMNS FROM `ngr_article` [ RunTime:0.0241s ]
SQL: SELECT `ccid`,`cname`,`duty`,`stime`,`etime`,`duration`,`sort`,`content`,`markdown` FROM `ngr_article` WHERE ( ccid = "1c8693957d51cd9f11729a2fd4180702" )  [ RunTime:0.0243s ]

[ 2018-11-26T14:32:14+08:00 ] 127.0.0.1 /home/index/index
INFO: [ app_init ] --START--
INFO: Run Behavior\BuildLiteBehavior [ RunTime:0.000019s ]
INFO: [ app_init ] --END-- [ RunTime:0.000309s ]
INFO: [ app_begin ] --START--
INFO: Run Behavior\ReadHtmlCacheBehavior [ RunTime:0.000319s ]
INFO: [ app_begin ] --END-- [ RunTime:0.000358s ]
SQL: SHOW COLUMNS FROM `ngr_config` [ RunTime:0.0262s ]
SQL: SELECT * FROM `ngr_config` WHERE ( 1=1 ) LIMIT 1   [ RunTime:0.0249s ]
SQL: SELECT * FROM `ngr_config` WHERE ( 1=1 ) LIMIT 1   [ RunTime:0.0259s ]
SQL: SHOW COLUMNS FROM `ngr_user` [ RunTime:0.0271s ]
SQL: SELECT * FROM `ngr_user` WHERE ( uuid = "U0001" ) LIMIT 1   [ RunTime:0.0300s ]
SQL: SHOW COLUMNS FROM `ngr_article` [ RunTime:0.0234s ]
SQL: SELECT `ccid`,`cname`,`duty`,`stime`,`etime`,`duration` FROM `ngr_article` WHERE ( 1=1 ) ORDER BY sort ASC  [ RunTime:0.0248s ]
INFO: [ view_parse ] --START--
INFO: [ template_filter ] --START--
INFO: Run Behavior\ContentReplaceBehavior [ RunTime:0.000110s ]
INFO: [ template_filter ] --END-- [ RunTime:0.000185s ]
INFO: Run Behavior\ParseTemplateBehavior [ RunTime:0.017719s ]
INFO: [ view_parse ] --END-- [ RunTime:0.017790s ]
INFO: [ view_filter ] --START--
INFO: Run Behavior\WriteHtmlCacheBehavior [ RunTime:0.000501s ]
INFO: [ view_filter ] --END-- [ RunTime:0.000539s ]
INFO: [ app_end ] --START--
INFO: Run Behavior\ShowPageTraceBehavior [ RunTime:0.000901s ]
INFO: [ app_end ] --END-- [ RunTime:0.000960s ]

[ 2018-11-26T14:33:14+08:00 ] 127.0.0.1 /home/index/index
INFO: [ app_init ] --START--
INFO: Run Behavior\BuildLiteBehavior [ RunTime:0.000010s ]
INFO: [ app_init ] --END-- [ RunTime:0.000291s ]
INFO: [ app_begin ] --START--
INFO: Run Behavior\ReadHtmlCacheBehavior [ RunTime:0.000332s ]
INFO: [ app_begin ] --END-- [ RunTime:0.000370s ]
SQL: SHOW COLUMNS FROM `ngr_config` [ RunTime:0.0270s ]
SQL: SELECT * FROM `ngr_config` WHERE ( 1=1 ) LIMIT 1   [ RunTime:0.0249s ]
SQL: SELECT * FROM `ngr_config` WHERE ( 1=1 ) LIMIT 1   [ RunTime:0.0264s ]
SQL: SHOW COLUMNS FROM `ngr_user` [ RunTime:0.0272s ]
SQL: SELECT * FROM `ngr_user` WHERE ( uuid = "U0001" ) LIMIT 1   [ RunTime:0.0275s ]
SQL: SHOW COLUMNS FROM `ngr_article` [ RunTime:0.0269s ]
SQL: SELECT `ccid`,`cname`,`duty`,`stime`,`etime`,`duration` FROM `ngr_article` WHERE ( 1=1 ) ORDER BY sort ASC  [ RunTime:0.0276s ]
INFO: [ view_parse ] --START--
INFO: [ template_filter ] --START--
INFO: Run Behavior\ContentReplaceBehavior [ RunTime:0.000144s ]
INFO: [ template_filter ] --END-- [ RunTime:0.000242s ]
INFO: Run Behavior\ParseTemplateBehavior [ RunTime:0.028764s ]
INFO: [ view_parse ] --END-- [ RunTime:0.028881s ]
INFO: [ view_filter ] --START--
INFO: Run Behavior\WriteHtmlCacheBehavior [ RunTime:0.001250s ]
INFO: [ view_filter ] --END-- [ RunTime:0.001331s ]
INFO: [ app_end ] --START--
INFO: Run Behavior\ShowPageTraceBehavior [ RunTime:0.001075s ]
INFO: [ app_end ] --END-- [ RunTime:0.001141s ]

[ 2018-11-26T14:43:13+08:00 ] 127.0.0.1 /home/detail/index/ccid/1c8693957d51cd9f11729a2fd4180702
INFO: [ app_init ] --START--
INFO: Run Behavior\BuildLiteBehavior [ RunTime:0.000009s ]
INFO: [ app_init ] --END-- [ RunTime:0.000380s ]
INFO: [ app_begin ] --START--
INFO: Run Behavior\ReadHtmlCacheBehavior [ RunTime:0.000490s ]
INFO: [ app_begin ] --END-- [ RunTime:0.000524s ]
SQL: SHOW COLUMNS FROM `ngr_config` [ RunTime:0.0432s ]
SQL: SELECT * FROM `ngr_config` WHERE ( 1=1 ) LIMIT 1   [ RunTime:0.0446s ]
INFO: [ view_parse ] --START--
INFO: [ template_filter ] --START--
INFO: Run Behavior\ContentReplaceBehavior [ RunTime:0.000176s ]
INFO: [ template_filter ] --END-- [ RunTime:0.000256s ]
INFO: Run Behavior\ParseTemplateBehavior [ RunTime:0.016879s ]
INFO: [ view_parse ] --END-- [ RunTime:0.017007s ]
INFO: [ view_filter ] --START--
INFO: Run Behavior\WriteHtmlCacheBehavior [ RunTime:0.001044s ]
INFO: [ view_filter ] --END-- [ RunTime:0.001124s ]
INFO: [ app_end ] --START--
INFO: Run Behavior\ShowPageTraceBehavior [ RunTime:0.001526s ]
INFO: [ app_end ] --END-- [ RunTime:0.001609s ]

[ 2018-11-26T14:43:14+08:00 ] 127.0.0.1 /home/detail/detail
INFO: [ app_init ] --START--
INFO: Run Behavior\BuildLiteBehavior [ RunTime:0.000011s ]
INFO: [ app_init ] --END-- [ RunTime:0.000365s ]
INFO: [ app_begin ] --START--
INFO: Run Behavior\ReadHtmlCacheBehavior [ RunTime:0.000521s ]
INFO: [ app_begin ] --END-- [ RunTime:0.000579s ]
SQL: SHOW COLUMNS FROM `ngr_config` [ RunTime:0.0330s ]
SQL: SELECT * FROM `ngr_config` WHERE ( 1=1 ) LIMIT 1   [ RunTime:0.0325s ]
SQL: SHOW COLUMNS FROM `ngr_article` [ RunTime:0.0270s ]
SQL: SELECT `ccid`,`cname`,`duty`,`stime`,`etime`,`duration`,`sort`,`content`,`markdown` FROM `ngr_article` WHERE ( ccid = "1c8693957d51cd9f11729a2fd4180702" )  [ RunTime:0.0353s ]

[ 2018-11-26T14:43:20+08:00 ] 127.0.0.1 /home/detail/index/ccid/957dd7ab6e1ef2621e9eb0058f14391f
INFO: [ app_init ] --START--
INFO: Run Behavior\BuildLiteBehavior [ RunTime:0.000009s ]
INFO: [ app_init ] --END-- [ RunTime:0.000266s ]
INFO: [ app_begin ] --START--
INFO: Run Behavior\ReadHtmlCacheBehavior [ RunTime:0.000317s ]
INFO: [ app_begin ] --END-- [ RunTime:0.000352s ]
SQL: SHOW COLUMNS FROM `ngr_config` [ RunTime:0.0265s ]
SQL: SELECT * FROM `ngr_config` WHERE ( 1=1 ) LIMIT 1   [ RunTime:0.0237s ]
INFO: [ view_parse ] --START--
INFO: [ template_filter ] --START--
INFO: Run Behavior\ContentReplaceBehavior [ RunTime:0.000087s ]
INFO: [ template_filter ] --END-- [ RunTime:0.000164s ]
INFO: Run Behavior\ParseTemplateBehavior [ RunTime:0.021222s ]
INFO: [ view_parse ] --END-- [ RunTime:0.021354s ]
INFO: [ view_filter ] --START--
INFO: Run Behavior\WriteHtmlCacheBehavior [ RunTime:0.000800s ]
INFO: [ view_filter ] --END-- [ RunTime:0.000852s ]
INFO: [ app_end ] --START--
INFO: Run Behavior\ShowPageTraceBehavior [ RunTime:0.001053s ]
INFO: [ app_end ] --END-- [ RunTime:0.001115s ]

[ 2018-11-26T14:43:20+08:00 ] 127.0.0.1 /home/detail/detail
INFO: [ app_init ] --START--
INFO: Run Behavior\BuildLiteBehavior [ RunTime:0.000014s ]
INFO: [ app_init ] --END-- [ RunTime:0.000295s ]
INFO: [ app_begin ] --START--
INFO: Run Behavior\ReadHtmlCacheBehavior [ RunTime:0.000382s ]
INFO: [ app_begin ] --END-- [ RunTime:0.000434s ]
SQL: SHOW COLUMNS FROM `ngr_config` [ RunTime:0.0246s ]
SQL: SELECT * FROM `ngr_config` WHERE ( 1=1 ) LIMIT 1   [ RunTime:0.0238s ]
SQL: SHOW COLUMNS FROM `ngr_article` [ RunTime:0.0252s ]
SQL: SELECT `ccid`,`cname`,`duty`,`stime`,`etime`,`duration`,`sort`,`content`,`markdown` FROM `ngr_article` WHERE ( ccid = "957dd7ab6e1ef2621e9eb0058f14391f" )  [ RunTime:0.0252s ]

[ 2018-11-26T14:43:23+08:00 ] 127.0.0.1 /home/detail/index/ccid/34a36b234898d1ca1401f7da6c4daa1a
INFO: [ app_init ] --START--
INFO: Run Behavior\BuildLiteBehavior [ RunTime:0.000009s ]
INFO: [ app_init ] --END-- [ RunTime:0.000264s ]
INFO: [ app_begin ] --START--
INFO: Run Behavior\ReadHtmlCacheBehavior [ RunTime:0.000315s ]
INFO: [ app_begin ] --END-- [ RunTime:0.000350s ]
SQL: SHOW COLUMNS FROM `ngr_config` [ RunTime:0.0266s ]
SQL: SELECT * FROM `ngr_config` WHERE ( 1=1 ) LIMIT 1   [ RunTime:0.0266s ]
INFO: [ view_parse ] --START--
INFO: [ template_filter ] --START--
INFO: Run Behavior\ContentReplaceBehavior [ RunTime:0.000044s ]
INFO: [ template_filter ] --END-- [ RunTime:0.000076s ]
INFO: Run Behavior\ParseTemplateBehavior [ RunTime:0.006431s ]
INFO: [ view_parse ] --END-- [ RunTime:0.006489s ]
INFO: [ view_filter ] --START--
INFO: Run Behavior\WriteHtmlCacheBehavior [ RunTime:0.000446s ]
INFO: [ view_filter ] --END-- [ RunTime:0.000476s ]
INFO: [ app_end ] --START--
INFO: Run Behavior\ShowPageTraceBehavior [ RunTime:0.000614s ]
INFO: [ app_end ] --END-- [ RunTime:0.000661s ]

[ 2018-11-26T14:43:24+08:00 ] 127.0.0.1 /home/detail/detail
INFO: [ app_init ] --START--
INFO: Run Behavior\BuildLiteBehavior [ RunTime:0.000012s ]
INFO: [ app_init ] --END-- [ RunTime:0.000300s ]
INFO: [ app_begin ] --START--
INFO: Run Behavior\ReadHtmlCacheBehavior [ RunTime:0.000331s ]
INFO: [ app_begin ] --END-- [ RunTime:0.000382s ]
SQL: SHOW COLUMNS FROM `ngr_config` [ RunTime:0.0239s ]
SQL: SELECT * FROM `ngr_config` WHERE ( 1=1 ) LIMIT 1   [ RunTime:0.0220s ]
SQL: SHOW COLUMNS FROM `ngr_article` [ RunTime:0.0242s ]
SQL: SELECT `ccid`,`cname`,`duty`,`stime`,`etime`,`duration`,`sort`,`content`,`markdown` FROM `ngr_article` WHERE ( ccid = "34a36b234898d1ca1401f7da6c4daa1a" )  [ RunTime:0.0246s ]

[ 2018-11-26T14:43:27+08:00 ] 127.0.0.1 /home/detail/index/ccid/C0003
INFO: [ app_init ] --START--
INFO: Run Behavior\BuildLiteBehavior [ RunTime:0.000009s ]
INFO: [ app_init ] --END-- [ RunTime:0.000248s ]
INFO: [ app_begin ] --START--
INFO: Run Behavior\ReadHtmlCacheBehavior [ RunTime:0.000296s ]
INFO: [ app_begin ] --END-- [ RunTime:0.000328s ]
SQL: SHOW COLUMNS FROM `ngr_config` [ RunTime:0.0241s ]
SQL: SELECT * FROM `ngr_config` WHERE ( 1=1 ) LIMIT 1   [ RunTime:0.0232s ]
INFO: [ view_parse ] --START--
INFO: [ template_filter ] --START--
INFO: Run Behavior\ContentReplaceBehavior [ RunTime:0.000041s ]
INFO: [ template_filter ] --END-- [ RunTime:0.000074s ]
INFO: Run Behavior\ParseTemplateBehavior [ RunTime:0.007123s ]
INFO: [ view_parse ] --END-- [ RunTime:0.007188s ]
INFO: [ view_filter ] --START--
INFO: Run Behavior\WriteHtmlCacheBehavior [ RunTime:0.000340s ]
INFO: [ view_filter ] --END-- [ RunTime:0.000364s ]
INFO: [ app_end ] --START--
INFO: Run Behavior\ShowPageTraceBehavior [ RunTime:0.000739s ]
INFO: [ app_end ] --END-- [ RunTime:0.000782s ]

[ 2018-11-26T14:43:27+08:00 ] 127.0.0.1 /home/detail/detail
INFO: [ app_init ] --START--
INFO: Run Behavior\BuildLiteBehavior [ RunTime:0.000011s ]
INFO: [ app_init ] --END-- [ RunTime:0.000390s ]
INFO: [ app_begin ] --START--
INFO: Run Behavior\ReadHtmlCacheBehavior [ RunTime:0.000541s ]
INFO: [ app_begin ] --END-- [ RunTime:0.000589s ]
SQL: SHOW COLUMNS FROM `ngr_config` [ RunTime:0.0246s ]
SQL: SELECT * FROM `ngr_config` WHERE ( 1=1 ) LIMIT 1   [ RunTime:0.0239s ]
SQL: SHOW COLUMNS FROM `ngr_article` [ RunTime:0.0252s ]
SQL: SELECT `ccid`,`cname`,`duty`,`stime`,`etime`,`duration`,`sort`,`content`,`markdown` FROM `ngr_article` WHERE ( ccid = "C0003" )  [ RunTime:0.0252s ]

[ 2018-11-26T14:43:30+08:00 ] 127.0.0.1 /home/detail/index/ccid/C0002
INFO: [ app_init ] --START--
INFO: Run Behavior\BuildLiteBehavior [ RunTime:0.000010s ]
INFO: [ app_init ] --END-- [ RunTime:0.000270s ]
INFO: [ app_begin ] --START--
INFO: Run Behavior\ReadHtmlCacheBehavior [ RunTime:0.000334s ]
INFO: [ app_begin ] --END-- [ RunTime:0.000371s ]
SQL: SHOW COLUMNS FROM `ngr_config` [ RunTime:0.0290s ]
SQL: SELECT * FROM `ngr_config` WHERE ( 1=1 ) LIMIT 1   [ RunTime:0.0254s ]
INFO: [ view_parse ] --START--
INFO: [ template_filter ] --START--
INFO: Run Behavior\ContentReplaceBehavior [ RunTime:0.000045s ]
INFO: [ template_filter ] --END-- [ RunTime:0.000083s ]
INFO: Run Behavior\ParseTemplateBehavior [ RunTime:0.007648s ]
INFO: [ view_parse ] --END-- [ RunTime:0.007705s ]
INFO: [ view_filter ] --START--
INFO: Run Behavior\WriteHtmlCacheBehavior [ RunTime:0.000419s ]
INFO: [ view_filter ] --END-- [ RunTime:0.000446s ]
INFO: [ app_end ] --START--
INFO: Run Behavior\ShowPageTraceBehavior [ RunTime:0.000561s ]
INFO: [ app_end ] --END-- [ RunTime:0.000600s ]

[ 2018-11-26T14:43:30+08:00 ] 127.0.0.1 /home/detail/detail
INFO: [ app_init ] --START--
INFO: Run Behavior\BuildLiteBehavior [ RunTime:0.000010s ]
INFO: [ app_init ] --END-- [ RunTime:0.000303s ]
INFO: [ app_begin ] --START--
INFO: Run Behavior\ReadHtmlCacheBehavior [ RunTime:0.000381s ]
INFO: [ app_begin ] --END-- [ RunTime:0.000429s ]
SQL: SHOW COLUMNS FROM `ngr_config` [ RunTime:0.0260s ]
SQL: SELECT * FROM `ngr_config` WHERE ( 1=1 ) LIMIT 1   [ RunTime:0.0243s ]
SQL: SHOW COLUMNS FROM `ngr_article` [ RunTime:0.0260s ]
SQL: SELECT `ccid`,`cname`,`duty`,`stime`,`etime`,`duration`,`sort`,`content`,`markdown` FROM `ngr_article` WHERE ( ccid = "C0002" )  [ RunTime:0.0270s ]

[ 2018-11-26T14:51:56+08:00 ] 127.0.0.1 /home/index/index
INFO: [ app_init ] --START--
INFO: Run Behavior\BuildLiteBehavior [ RunTime:0.000009s ]
INFO: [ app_init ] --END-- [ RunTime:0.000253s ]
INFO: [ app_begin ] --START--
INFO: Run Behavior\ReadHtmlCacheBehavior [ RunTime:0.000294s ]
INFO: [ app_begin ] --END-- [ RunTime:0.000348s ]
SQL: SHOW COLUMNS FROM `ngr_config` [ RunTime:0.0251s ]
SQL: SELECT * FROM `ngr_config` WHERE ( 1=1 ) LIMIT 1   [ RunTime:0.0249s ]
SQL: SELECT * FROM `ngr_config` WHERE ( 1=1 ) LIMIT 1   [ RunTime:0.0237s ]
SQL: SHOW COLUMNS FROM `ngr_user` [ RunTime:0.0252s ]
SQL: SELECT * FROM `ngr_user` WHERE ( uuid = "U0001" ) LIMIT 1   [ RunTime:0.0247s ]
SQL: SHOW COLUMNS FROM `ngr_article` [ RunTime:0.0263s ]
SQL: SELECT `ccid`,`cname`,`duty`,`stime`,`etime`,`duration` FROM `ngr_article` WHERE ( 1=1 ) ORDER BY sort ASC  [ RunTime:0.0495s ]
INFO: [ view_parse ] --START--
INFO: [ template_filter ] --START--
INFO: Run Behavior\ContentReplaceBehavior [ RunTime:0.000073s ]
INFO: [ template_filter ] --END-- [ RunTime:0.000107s ]
INFO: Run Behavior\ParseTemplateBehavior [ RunTime:0.008871s ]
INFO: [ view_parse ] --END-- [ RunTime:0.008913s ]
INFO: [ view_filter ] --START--
INFO: Run Behavior\WriteHtmlCacheBehavior [ RunTime:0.000398s ]
INFO: [ view_filter ] --END-- [ RunTime:0.000423s ]
INFO: [ app_end ] --START--
INFO: Run Behavior\ShowPageTraceBehavior [ RunTime:0.000596s ]
INFO: [ app_end ] --END-- [ RunTime:0.000645s ]

