[ 2018-11-27T08:30:07+08:00 ] 127.0.0.1 /home/detail/index/ccid/ee921ee5722b2b13f37cdd5346d180be
INFO: [ app_init ] --START--
INFO: Run Behavior\BuildLiteBehavior [ RunTime:0.000013s ]
INFO: [ app_init ] --END-- [ RunTime:0.000312s ]
INFO: [ app_begin ] --START--
INFO: Run Behavior\ReadHtmlCacheBehavior [ RunTime:0.002104s ]
INFO: [ app_begin ] --END-- [ RunTime:0.002165s ]
SQL: SHOW COLUMNS FROM `ngr_config` [ RunTime:0.0245s ]
SQL: SELECT * FROM `ngr_config` WHERE ( 1=1 ) LIMIT 1   [ RunTime:0.0243s ]
INFO: [ view_parse ] --START--
INFO: [ template_filter ] --START--
INFO: Run Behavior\ContentReplaceBehavior [ RunTime:0.000049s ]
INFO: [ template_filter ] --END-- [ RunTime:0.000091s ]
INFO: Run Behavior\ParseTemplateBehavior [ RunTime:0.073466s ]
INFO: [ view_parse ] --END-- [ RunTime:0.073535s ]
INFO: [ view_filter ] --START--
INFO: Run Behavior\WriteHtmlCacheBehavior [ RunTime:0.000456s ]
INFO: [ view_filter ] --END-- [ RunTime:0.000487s ]
INFO: [ app_end ] --START--
INFO: Run Behavior\ShowPageTraceBehavior [ RunTime:0.000591s ]
INFO: [ app_end ] --END-- [ RunTime:0.000632s ]

[ 2018-11-27T08:30:08+08:00 ] 127.0.0.1 /home/detail/detail
INFO: [ app_init ] --START--
INFO: Run Behavior\BuildLiteBehavior [ RunTime:0.000010s ]
INFO: [ app_init ] --END-- [ RunTime:0.000355s ]
INFO: [ app_begin ] --START--
INFO: Run Behavior\ReadHtmlCacheBehavior [ RunTime:0.000499s ]
INFO: [ app_begin ] --END-- [ RunTime:0.000545s ]
SQL: SHOW COLUMNS FROM `ngr_config` [ RunTime:0.0243s ]
SQL: SELECT * FROM `ngr_config` WHERE ( 1=1 ) LIMIT 1   [ RunTime:0.0235s ]
SQL: SHOW COLUMNS FROM `ngr_article` [ RunTime:0.0247s ]
SQL: SELECT `ccid`,`cname`,`duty`,`stime`,`etime`,`duration`,`sort`,`content`,`markdown` FROM `ngr_article` WHERE ( ccid = "ee921ee5722b2b13f37cdd5346d180be" )  [ RunTime:0.0494s ]

[ 2018-11-27T08:30:24+08:00 ] 127.0.0.1 /home/index/index
INFO: [ app_init ] --START--
INFO: Run Behavior\BuildLiteBehavior [ RunTime:0.000009s ]
INFO: [ app_init ] --END-- [ RunTime:0.000319s ]
INFO: [ app_begin ] --START--
INFO: Run Behavior\ReadHtmlCacheBehavior [ RunTime:0.000478s ]
INFO: [ app_begin ] --END-- [ RunTime:0.000520s ]
SQL: SHOW COLUMNS FROM `ngr_config` [ RunTime:0.0275s ]
SQL: SELECT * FROM `ngr_config` WHERE ( 1=1 ) LIMIT 1   [ RunTime:0.0283s ]
SQL: SELECT * FROM `ngr_config` WHERE ( 1=1 ) LIMIT 1   [ RunTime:0.0302s ]
SQL: SHOW COLUMNS FROM `ngr_user` [ RunTime:0.0267s ]
SQL: SELECT * FROM `ngr_user` WHERE ( uuid = "U0001" ) LIMIT 1   [ RunTime:0.0270s ]
SQL: SHOW COLUMNS FROM `ngr_article` [ RunTime:0.0256s ]
SQL: SELECT `ccid`,`cname`,`duty`,`stime`,`etime`,`duration` FROM `ngr_article` WHERE ( 1=1 ) ORDER BY sort ASC  [ RunTime:0.0262s ]
INFO: [ view_parse ] --START--
INFO: [ template_filter ] --START--
INFO: Run Behavior\ContentReplaceBehavior [ RunTime:0.000053s ]
INFO: [ template_filter ] --END-- [ RunTime:0.000090s ]
INFO: Run Behavior\ParseTemplateBehavior [ RunTime:0.036345s ]
INFO: [ view_parse ] --END-- [ RunTime:0.036404s ]
INFO: [ view_filter ] --START--
INFO: Run Behavior\WriteHtmlCacheBehavior [ RunTime:0.000443s ]
INFO: [ view_filter ] --END-- [ RunTime:0.000472s ]
INFO: [ app_end ] --START--
INFO: Run Behavior\ShowPageTraceBehavior [ RunTime:0.001206s ]
INFO: [ app_end ] --END-- [ RunTime:0.001244s ]

[ 2018-11-27T08:51:32+08:00 ] 127.0.0.1 /home/index/index
INFO: [ app_init ] --START--
INFO: Run Behavior\BuildLiteBehavior [ RunTime:0.000009s ]
INFO: [ app_init ] --END-- [ RunTime:0.000413s ]
INFO: [ app_begin ] --START--
INFO: Run Behavior\ReadHtmlCacheBehavior [ RunTime:0.000567s ]
INFO: [ app_begin ] --END-- [ RunTime:0.000605s ]
SQL: SHOW COLUMNS FROM `ngr_config` [ RunTime:0.0247s ]
SQL: SELECT * FROM `ngr_config` WHERE ( 1=1 ) LIMIT 1   [ RunTime:0.0235s ]
SQL: SELECT * FROM `ngr_config` WHERE ( 1=1 ) LIMIT 1   [ RunTime:0.0236s ]
SQL: SHOW COLUMNS FROM `ngr_user` [ RunTime:0.0249s ]
SQL: SELECT * FROM `ngr_user` WHERE ( uuid = "U0001" ) LIMIT 1   [ RunTime:0.0249s ]
SQL: SHOW COLUMNS FROM `ngr_article` [ RunTime:0.0243s ]
SQL: SELECT `ccid`,`cname`,`duty`,`stime`,`etime`,`duration` FROM `ngr_article` WHERE ( 1=1 ) ORDER BY sort ASC  [ RunTime:0.0235s ]
INFO: [ view_parse ] --START--
INFO: [ template_filter ] --START--
INFO: Run Behavior\ContentReplaceBehavior [ RunTime:0.000394s ]
INFO: [ template_filter ] --END-- [ RunTime:0.000625s ]
INFO: Run Behavior\ParseTemplateBehavior [ RunTime:0.042921s ]
INFO: [ view_parse ] --END-- [ RunTime:0.043081s ]
INFO: [ view_filter ] --START--
INFO: Run Behavior\WriteHtmlCacheBehavior [ RunTime:0.001923s ]
INFO: [ view_filter ] --END-- [ RunTime:0.002038s ]
INFO: [ app_end ] --START--
INFO: Run Behavior\ShowPageTraceBehavior [ RunTime:0.002388s ]
INFO: [ app_end ] --END-- [ RunTime:0.002524s ]

[ 2018-11-27T09:44:45+08:00 ] 127.0.0.1 /home/index/index
INFO: [ app_init ] --START--
INFO: Run Behavior\BuildLiteBehavior [ RunTime:0.000328s ]
INFO: [ app_init ] --END-- [ RunTime:0.003996s ]
INFO: [ app_begin ] --START--
INFO: Run Behavior\ReadHtmlCacheBehavior [ RunTime:0.002033s ]
INFO: [ app_begin ] --END-- [ RunTime:0.002153s ]
SQL: SHOW COLUMNS FROM `ngr_config` [ RunTime:0.2106s ]
SQL: SELECT * FROM `ngr_config` WHERE ( 1=1 ) LIMIT 1   [ RunTime:0.2602s ]
SQL: SELECT * FROM `ngr_config` WHERE ( 1=1 ) LIMIT 1   [ RunTime:0.1758s ]
SQL: SHOW COLUMNS FROM `ngr_user` [ RunTime:0.2154s ]
SQL: SELECT * FROM `ngr_user` WHERE ( uuid = "U0001" ) LIMIT 1   [ RunTime:0.2210s ]
SQL: SHOW COLUMNS FROM `ngr_article` [ RunTime:0.1847s ]
SQL: SELECT `ccid`,`cname`,`duty`,`stime`,`etime`,`duration` FROM `ngr_article` WHERE ( 1=1 ) ORDER BY sort ASC  [ RunTime:0.2087s ]
INFO: [ view_parse ] --START--
INFO: [ template_filter ] --START--
INFO: Run Behavior\ContentReplaceBehavior [ RunTime:0.000094s ]
INFO: [ template_filter ] --END-- [ RunTime:0.000128s ]
INFO: Run Behavior\ParseTemplateBehavior [ RunTime:0.079924s ]
INFO: [ view_parse ] --END-- [ RunTime:0.079989s ]
INFO: [ view_filter ] --START--
INFO: Run Behavior\WriteHtmlCacheBehavior [ RunTime:0.014146s ]
INFO: [ view_filter ] --END-- [ RunTime:0.014196s ]
INFO: [ app_end ] --START--
INFO: Run Behavior\ShowPageTraceBehavior [ RunTime:0.019098s ]
INFO: [ app_end ] --END-- [ RunTime:0.019152s ]

